0 info it worked if it ends with ok
1 verbose cli [ 'C:\\Program Files\\nodejs\\node.exe',
1 verbose cli   'C:\\Program Files\\nodejs\\node_modules\\npm\\bin\\npm-cli.js',
1 verbose cli   'install',
1 verbose cli   'zlib' ]
2 info using npm@3.10.10
3 info using node@v6.10.0
4 silly loadCurrentTree Starting
5 silly install loadCurrentTree
6 silly install readLocalPackageData
7 silly fetchPackageMetaData zlib
8 silly fetchNamedPackageData zlib
9 silly mapToRegistry name zlib
10 silly mapToRegistry using default registry
11 silly mapToRegistry registry https://registry.npmjs.org/
12 silly mapToRegistry data Result {
12 silly mapToRegistry   raw: 'zlib',
12 silly mapToRegistry   scope: null,
12 silly mapToRegistry   escapedName: 'zlib',
12 silly mapToRegistry   name: 'zlib',
12 silly mapToRegistry   rawSpec: '',
12 silly mapToRegistry   spec: 'latest',
12 silly mapToRegistry   type: 'tag' }
13 silly mapToRegistry uri https://registry.npmjs.org/zlib
14 verbose request uri https://registry.npmjs.org/zlib
15 verbose request no auth needed
16 info attempt registry request try #1 at 5:29:52 PM
17 verbose request id 62c235f1ed107a33
18 http request GET https://registry.npmjs.org/zlib
19 http 200 https://registry.npmjs.org/zlib
20 verbose headers { 'content-type': 'application/json; charset=UTF-8',
20 verbose headers   server: 'UploadServer',
20 verbose headers   'cache-control': 'max-age=300',
20 verbose headers   'last-modified': 'Wed, 24 Jan 2018 7:13:28 GMT',
20 verbose headers   etag: '"5a683218-1874"',
20 verbose headers   'x-npm-region': 'EU-West',
20 verbose headers   'content-encoding': 'gzip',
20 verbose headers   'content-length': '1394',
20 verbose headers   'accept-ranges': 'bytes',
20 verbose headers   date: 'Sun, 11 Feb 2018 17:29:54 GMT',
20 verbose headers   via: '1.1 varnish',
20 verbose headers   age: '0',
20 verbose headers   connection: 'keep-alive',
20 verbose headers   'x-served-by': 'cache-lhr6335-LHR',
20 verbose headers   'x-cache': 'MISS',
20 verbose headers   'x-cache-hits': '0',
20 verbose headers   'x-timer': 'S1518370194.408495,VS0,VE369',
20 verbose headers   vary: 'Accept-Encoding, Accept' }
21 silly get cb [ 200,
21 silly get   { 'content-type': 'application/json; charset=UTF-8',
21 silly get     server: 'UploadServer',
21 silly get     'cache-control': 'max-age=300',
21 silly get     'last-modified': 'Wed, 24 Jan 2018 7:13:28 GMT',
21 silly get     etag: '"5a683218-1874"',
21 silly get     'x-npm-region': 'EU-West',
21 silly get     'content-encoding': 'gzip',
21 silly get     'content-length': '1394',
21 silly get     'accept-ranges': 'bytes',
21 silly get     date: 'Sun, 11 Feb 2018 17:29:54 GMT',
21 silly get     via: '1.1 varnish',
21 silly get     age: '0',
21 silly get     connection: 'keep-alive',
21 silly get     'x-served-by': 'cache-lhr6335-LHR',
21 silly get     'x-cache': 'MISS',
21 silly get     'x-cache-hits': '0',
21 silly get     'x-timer': 'S1518370194.408495,VS0,VE369',
21 silly get     vary: 'Accept-Encoding, Accept' } ]
22 verbose get saving zlib to C:\Users\Matt\AppData\Roaming\npm-cache\registry.npmjs.org\zlib\.cache.json
23 verbose correctMkdir C:\Users\Matt\AppData\Roaming\npm-cache correctMkdir not in flight; initializing
24 silly install normalizeTree
25 silly loadCurrentTree Finishing
26 silly loadIdealTree Starting
27 silly install loadIdealTree
28 silly cloneCurrentTree Starting
29 silly install cloneCurrentTreeToIdealTree
30 silly cloneCurrentTree Finishing
31 silly loadShrinkwrap Starting
32 silly install loadShrinkwrap
33 silly loadShrinkwrap Finishing
34 silly loadAllDepsIntoIdealTree Starting
35 silly install loadAllDepsIntoIdealTree
36 silly resolveWithNewModule zlib@1.0.5 checking installable status
37 silly cache add args [ 'zlib', null ]
38 verbose cache add spec zlib
39 silly cache add parsed spec Result {
39 silly cache add   raw: 'zlib',
39 silly cache add   scope: null,
39 silly cache add   escapedName: 'zlib',
39 silly cache add   name: 'zlib',
39 silly cache add   rawSpec: '',
39 silly cache add   spec: 'latest',
39 silly cache add   type: 'tag' }
40 silly addNamed zlib@latest
41 verbose addNamed "latest" is being treated as a dist-tag for zlib
42 info addNameTag [ 'zlib', 'latest' ]
43 silly mapToRegistry name zlib
44 silly mapToRegistry using default registry
45 silly mapToRegistry registry https://registry.npmjs.org/
46 silly mapToRegistry data Result {
46 silly mapToRegistry   raw: 'zlib',
46 silly mapToRegistry   scope: null,
46 silly mapToRegistry   escapedName: 'zlib',
46 silly mapToRegistry   name: 'zlib',
46 silly mapToRegistry   rawSpec: '',
46 silly mapToRegistry   spec: 'latest',
46 silly mapToRegistry   type: 'tag' }
47 silly mapToRegistry uri https://registry.npmjs.org/zlib
48 verbose addNameTag registry:https://registry.npmjs.org/zlib not in flight; fetching
49 verbose get https://registry.npmjs.org/zlib not expired, no request
50 silly addNameTag next cb for zlib with tag latest
51 silly addNamed zlib@1.0.5
52 verbose addNamed "1.0.5" is a plain semver version for zlib
53 silly mapToRegistry name zlib
54 silly mapToRegistry using default registry
55 silly mapToRegistry registry https://registry.npmjs.org/
56 silly mapToRegistry data Result {
56 silly mapToRegistry   raw: 'zlib',
56 silly mapToRegistry   scope: null,
56 silly mapToRegistry   escapedName: 'zlib',
56 silly mapToRegistry   name: 'zlib',
56 silly mapToRegistry   rawSpec: '',
56 silly mapToRegistry   spec: 'latest',
56 silly mapToRegistry   type: 'tag' }
57 silly mapToRegistry uri https://registry.npmjs.org/zlib
58 verbose addRemoteTarball https://registry.npmjs.org/zlib/-/zlib-1.0.5.tgz not in flight; adding
59 verbose addRemoteTarball [ 'https://registry.npmjs.org/zlib/-/zlib-1.0.5.tgz',
59 verbose addRemoteTarball   '6e7c972fc371c645a6afb03ab14769def114fcc0' ]
60 info retry fetch attempt 1 at 5:29:53 PM
61 info attempt registry request try #1 at 5:29:53 PM
62 http fetch GET https://registry.npmjs.org/zlib/-/zlib-1.0.5.tgz
63 http fetch 200 https://registry.npmjs.org/zlib/-/zlib-1.0.5.tgz
64 silly fetchAndShaCheck shasum 6e7c972fc371c645a6afb03ab14769def114fcc0
65 verbose addTmpTarball C:\Users\Matt\AppData\Local\Temp\npm-13980-e5d7a9d0\registry.npmjs.org\zlib\-\zlib-1.0.5.tgz not in flight; adding
66 verbose addTmpTarball already have metadata; skipping unpack for zlib@1.0.5
67 verbose correctMkdir C:\Users\Matt\AppData\Roaming\npm-cache correctMkdir not in flight; initializing
68 silly cache afterAdd zlib@1.0.5
69 verbose afterAdd C:\Users\Matt\AppData\Roaming\npm-cache\zlib\1.0.5\package\package.json not in flight; writing
70 verbose correctMkdir C:\Users\Matt\AppData\Roaming\npm-cache correctMkdir not in flight; initializing
71 verbose afterAdd C:\Users\Matt\AppData\Roaming\npm-cache\zlib\1.0.5\package\package.json written
72 silly loadAllDepsIntoIdealTree Finishing
73 silly loadIdealTree Finishing
74 silly currentTree ticket-price-interpreter@1.0.0
74 silly currentTree +-- @sindresorhus/is@0.7.0
74 silly currentTree +-- abbrev@1.1.1
74 silly currentTree +-- accepts@1.3.4
74 silly currentTree +-- ajv@5.5.2
74 silly currentTree +-- ansi-regex@2.1.1
74 silly currentTree +-- aproba@1.2.0
74 silly currentTree +-- are-we-there-yet@1.1.4
74 silly currentTree +-- array-flatten@1.1.1
74 silly currentTree +-- asn1@0.2.3
74 silly currentTree +-- assert-plus@1.0.0
74 silly currentTree +-- async@2.1.4
74 silly currentTree +-- asynckit@0.4.0
74 silly currentTree +-- aws-sign2@0.7.0
74 silly currentTree +-- aws4@1.6.0
74 silly currentTree +-- balanced-match@1.0.0
74 silly currentTree +-- base64-js@0.0.8
74 silly currentTree +-- base64-url@1.3.3
74 silly currentTree +-- base64url@2.0.0
74 silly currentTree +-- bcrypt-pbkdf@1.0.1
74 silly currentTree +-- bcrypt@1.0.3
74 silly currentTree +-- bcryptjs@2.4.3
74 silly currentTree +-- bfj@5.2.1
74 silly currentTree | `-- bluebird@3.5.1
74 silly currentTree +-- big-json@2.0.0
74 silly currentTree +-- bl@1.2.1
74 silly currentTree +-- block-stream@0.0.9
74 silly currentTree +-- bluebird@3.5.0
74 silly currentTree +-- body-parser@1.18.2
74 silly currentTree +-- boom@4.3.1
74 silly currentTree +-- brace-expansion@1.1.8
74 silly currentTree +-- bson@1.0.4
74 silly currentTree +-- buffer-crc32@0.2.13
74 silly currentTree +-- buffer-equal-constant-time@1.0.1
74 silly currentTree +-- buffer@3.6.0
74 silly currentTree +-- bytes@3.0.0
74 silly currentTree +-- cacheable-request@2.1.4
74 silly currentTree +-- caseless@0.12.0
74 silly currentTree +-- caw@2.0.1
74 silly currentTree +-- check-types@7.3.0
74 silly currentTree +-- clone-response@1.0.2
74 silly currentTree +-- co@4.6.0
74 silly currentTree +-- code-point-at@1.1.0
74 silly currentTree +-- combined-stream@1.0.5
74 silly currentTree +-- commander@2.8.1
74 silly currentTree +-- concat-map@0.0.1
74 silly currentTree +-- concat-stream@1.6.0
74 silly currentTree +-- config-chain@1.1.11
74 silly currentTree +-- console-control-strings@1.1.0
74 silly currentTree +-- content-disposition@0.5.2
74 silly currentTree +-- content-type@1.0.4
74 silly currentTree +-- cookie-signature@1.0.6
74 silly currentTree +-- cookie@0.3.1
74 silly currentTree +-- core-util-is@1.0.2
74 silly currentTree +-- cron-parser@2.4.4
74 silly currentTree +-- cryptiles@3.1.2
74 silly currentTree | `-- boom@5.2.0
74 silly currentTree +-- cyclist@0.2.2
74 silly currentTree +-- dashdash@1.14.1
74 silly currentTree +-- debug@2.6.9
74 silly currentTree +-- decode-uri-component@0.2.0
74 silly currentTree +-- decompress-gz@0.0.1
74 silly currentTree +-- decompress-response@3.3.0
74 silly currentTree +-- decompress-tar@4.1.1
74 silly currentTree +-- decompress-tarbz2@4.1.1
74 silly currentTree | `-- file-type@6.2.0
74 silly currentTree +-- decompress-targz@4.1.1
74 silly currentTree +-- decompress-unzip@4.0.1
74 silly currentTree | +-- file-type@3.9.0
74 silly currentTree | +-- get-stream@2.3.1
74 silly currentTree | `-- pify@2.3.0
74 silly currentTree +-- decompress@4.2.0
74 silly currentTree | `-- pify@2.3.0
74 silly currentTree +-- deep-extend@0.4.2
74 silly currentTree +-- define-properties@1.1.2
74 silly currentTree +-- delayed-stream@1.0.0
74 silly currentTree +-- delegates@1.0.0
74 silly currentTree +-- depd@1.1.2
74 silly currentTree +-- destroy@1.0.4
74 silly currentTree +-- download@6.2.5
74 silly currentTree | +-- got@7.1.0
74 silly currentTree | +-- prepend-http@1.0.4
74 silly currentTree | `-- url-parse-lax@1.0.0
74 silly currentTree +-- duplexer@0.1.1
74 silly currentTree +-- duplexer3@0.1.4
74 silly currentTree +-- duplexify@3.5.3
74 silly currentTree +-- ecc-jsbn@0.1.1
74 silly currentTree +-- ecdsa-sig-formatter@1.0.9
74 silly currentTree +-- ee-first@1.1.1
74 silly currentTree +-- encodeurl@1.0.2
74 silly currentTree +-- end-of-stream@1.4.1
74 silly currentTree +-- escape-html@1.0.3
74 silly currentTree +-- escape-string-regexp@1.0.5
74 silly currentTree +-- etag@1.8.1
74 silly currentTree +-- event-stream@3.3.4
74 silly currentTree +-- express@4.16.2
74 silly currentTree | +-- setprototypeof@1.1.0
74 silly currentTree | `-- statuses@1.3.1
74 silly currentTree +-- ext-list@2.2.2
74 silly currentTree +-- ext-name@5.0.0
74 silly currentTree +-- extend@3.0.1
74 silly currentTree +-- extsprintf@1.3.0
74 silly currentTree +-- fast-deep-equal@1.0.0
74 silly currentTree +-- fast-json-stable-stringify@2.0.0
74 silly currentTree +-- fd-slicer@1.0.1
74 silly currentTree +-- file-type@5.2.0
74 silly currentTree +-- filename-reserved-regex@2.0.0
74 silly currentTree +-- filenamify@2.0.0
74 silly currentTree +-- finalhandler@1.1.0
74 silly currentTree | `-- statuses@1.3.1
74 silly currentTree +-- flush-write-stream@1.0.2
74 silly currentTree +-- foreach@2.0.5
74 silly currentTree +-- forever-agent@0.6.1
74 silly currentTree +-- form-data@2.3.1
74 silly currentTree +-- forwarded@0.1.2
74 silly currentTree +-- fresh@0.5.2
74 silly currentTree +-- from@0.1.7
74 silly currentTree +-- from2@2.3.0
74 silly currentTree +-- fs.realpath@1.0.0
74 silly currentTree +-- fstream-ignore@1.0.5
74 silly currentTree +-- fstream@1.0.11
74 silly currentTree +-- gauge@2.7.4
74 silly currentTree +-- get-proxy@2.1.0
74 silly currentTree +-- get-stream@3.0.0
74 silly currentTree +-- getpass@0.1.7
74 silly currentTree +-- glob@7.1.2
74 silly currentTree +-- got@8.1.0
74 silly currentTree | `-- p-timeout@2.0.1
74 silly currentTree +-- graceful-fs@4.1.11
74 silly currentTree +-- graceful-readlink@1.0.1
74 silly currentTree +-- gzipy@0.0.2
74 silly currentTree +-- har-schema@2.0.0
74 silly currentTree +-- har-validator@5.0.3
74 silly currentTree +-- has-symbol-support-x@1.4.1
74 silly currentTree +-- has-to-string-tag-x@1.4.1
74 silly currentTree +-- has-unicode@2.0.1
74 silly currentTree +-- hawk@6.0.2
74 silly currentTree +-- hoek@4.2.0
74 silly currentTree +-- hoopy@0.1.2
74 silly currentTree +-- http-cache-semantics@3.8.1
74 silly currentTree +-- http-errors@1.6.2
74 silly currentTree | `-- depd@1.1.1
74 silly currentTree +-- http-https@1.0.0
74 silly currentTree +-- http-signature@1.2.0
74 silly currentTree +-- iconv-lite@0.4.19
74 silly currentTree +-- ieee754@1.1.8
74 silly currentTree +-- inflight@1.0.6
74 silly currentTree +-- inherits@2.0.3
74 silly currentTree +-- ini@1.3.5
74 silly currentTree +-- into-stream@3.1.0
74 silly currentTree +-- ipaddr.js@1.5.2
74 silly currentTree +-- is-fullwidth-code-point@1.0.0
74 silly currentTree +-- is-nan@1.2.1
74 silly currentTree +-- is-natural-number@4.0.1
74 silly currentTree +-- is-object@1.0.1
74 silly currentTree +-- is-plain-obj@1.1.0
74 silly currentTree +-- is-retry-allowed@1.1.0
74 silly currentTree +-- is-stream@1.1.0
74 silly currentTree +-- is-typedarray@1.0.0
74 silly currentTree +-- is.object@1.0.0
74 silly currentTree +-- isarray@1.0.0
74 silly currentTree +-- isstream@0.1.2
74 silly currentTree +-- isurl@1.0.0
74 silly currentTree +-- jsbn@0.1.1
74 silly currentTree +-- json-buffer@3.0.0
74 silly currentTree +-- json-parse-safe@1.0.5
74 silly currentTree +-- json-schema-traverse@0.3.1
74 silly currentTree +-- json-schema@0.2.3
74 silly currentTree +-- json-stream-stringify@1.5.1
74 silly currentTree +-- json-stringify-safe@5.0.1
74 silly currentTree +-- json-web-token@2.1.3
74 silly currentTree +-- jsonparse@1.3.1
74 silly currentTree +-- JSONStream@1.3.2
74 silly currentTree +-- jsonwebtoken@8.1.1
74 silly currentTree | `-- ms@2.1.1
74 silly currentTree +-- jsprim@1.4.1
74 silly currentTree +-- jwa@1.1.5
74 silly currentTree +-- jws@3.1.4
74 silly currentTree +-- kareem@2.0.3
74 silly currentTree +-- keyv@3.0.0
74 silly currentTree +-- lodash.get@4.4.2
74 silly currentTree +-- lodash.includes@4.3.0
74 silly currentTree +-- lodash.isboolean@3.0.3
74 silly currentTree +-- lodash.isinteger@4.0.4
74 silly currentTree +-- lodash.isnumber@3.0.3
74 silly currentTree +-- lodash.isplainobject@4.0.6
74 silly currentTree +-- lodash.isstring@4.0.1
74 silly currentTree +-- lodash.once@4.1.1
74 silly currentTree +-- lodash@4.17.4
74 silly currentTree +-- long-timeout@0.1.1
74 silly currentTree +-- lowercase-keys@1.0.0
74 silly currentTree +-- make-dir@1.1.0
74 silly currentTree +-- map-stream@0.1.0
74 silly currentTree +-- media-typer@0.3.0
74 silly currentTree +-- merge-descriptors@1.0.1
74 silly currentTree +-- methods@1.1.2
74 silly currentTree +-- mime-db@1.30.0
74 silly currentTree +-- mime-types@2.1.17
74 silly currentTree +-- mime@1.4.1
74 silly currentTree +-- mimic-response@1.0.0
74 silly currentTree +-- minimatch@3.0.4
74 silly currentTree +-- minimist@0.0.8
74 silly currentTree +-- mississippi@1.3.1
74 silly currentTree +-- mkdirp@0.5.1
74 silly currentTree +-- moment-timezone@0.5.14
74 silly currentTree +-- moment@2.20.1
74 silly currentTree +-- mongodb-core@3.0.2
74 silly currentTree +-- mongodb@3.0.2
74 silly currentTree +-- mongoose-legacy-pluralize@1.0.2
74 silly currentTree +-- mongoose@5.0.3
74 silly currentTree +-- mpath@0.3.0
74 silly currentTree +-- mquery@3.0.0
74 silly currentTree | `-- sliced@0.0.5
74 silly currentTree +-- ms@2.0.0
74 silly currentTree +-- nan@2.6.2
74 silly currentTree +-- negotiator@0.6.1
74 silly currentTree +-- node-pre-gyp@0.6.36
74 silly currentTree +-- node-schedule@1.3.0
74 silly currentTree +-- nopt@4.0.1
74 silly currentTree +-- normalize-url@2.0.1
74 silly currentTree | `-- sort-keys@2.0.0
74 silly currentTree +-- npm-conf@1.1.3
74 silly currentTree +-- npmlog@4.1.2
74 silly currentTree +-- number-is-nan@1.0.1
74 silly currentTree +-- oauth-sign@0.8.2
74 silly currentTree +-- object-assign@4.1.1
74 silly currentTree +-- object-keys@1.0.11
74 silly currentTree +-- oboe@2.1.4
74 silly currentTree +-- on-finished@2.3.0
74 silly currentTree +-- once@1.4.0
74 silly currentTree +-- os-homedir@1.0.2
74 silly currentTree +-- os-tmpdir@1.0.2
74 silly currentTree +-- osenv@0.1.4
74 silly currentTree +-- p-cancelable@0.3.0
74 silly currentTree +-- p-event@1.3.0
74 silly currentTree +-- p-finally@1.0.0
74 silly currentTree +-- p-is-promise@1.1.0
74 silly currentTree +-- p-timeout@1.2.1
74 silly currentTree +-- parallel-transform@1.1.0
74 silly currentTree +-- parser-toolkit@0.0.5
74 silly currentTree +-- parseurl@1.3.2
74 silly currentTree +-- path-is-absolute@1.0.1
74 silly currentTree +-- path-to-regexp@0.1.7
74 silly currentTree +-- pause-stream@0.0.11
74 silly currentTree +-- pend@1.2.0
74 silly currentTree +-- performance-now@2.1.0
74 silly currentTree +-- pify@3.0.0
74 silly currentTree +-- pinkie-promise@2.0.1
74 silly currentTree +-- pinkie@2.0.4
74 silly currentTree +-- prepend-http@2.0.0
74 silly currentTree +-- process-nextick-args@1.0.7
74 silly currentTree +-- proto-list@1.2.4
74 silly currentTree +-- proxy-addr@2.0.2
74 silly currentTree +-- pump@1.0.3
74 silly currentTree +-- pumpify@1.4.0
74 silly currentTree | `-- pump@2.0.1
74 silly currentTree +-- punycode@1.4.1
74 silly currentTree +-- qs@6.5.1
74 silly currentTree +-- query-string@5.1.0
74 silly currentTree +-- range-parser@1.2.0
74 silly currentTree +-- raw-body@2.3.2
74 silly currentTree +-- rc@1.2.5
74 silly currentTree | `-- minimist@1.2.0
74 silly currentTree +-- readable-stream@2.3.3
74 silly currentTree +-- regexp-clone@0.0.1
74 silly currentTree +-- request@2.83.0
74 silly currentTree +-- require_optional@1.0.1
74 silly currentTree +-- resolve-from@2.0.0
74 silly currentTree +-- responselike@1.0.2
74 silly currentTree +-- rimraf@2.6.2
74 silly currentTree +-- safe-buffer@5.1.1
74 silly currentTree +-- seek-bzip@1.0.5
74 silly currentTree +-- semver@5.5.0
74 silly currentTree +-- send@0.16.1
74 silly currentTree | `-- statuses@1.3.1
74 silly currentTree +-- serve-static@1.13.1
74 silly currentTree +-- set-blocking@2.0.0
74 silly currentTree +-- setprototypeof@1.0.3
74 silly currentTree +-- signal-exit@3.0.2
74 silly currentTree +-- sliced@1.0.1
74 silly currentTree +-- sntp@2.1.0
74 silly currentTree +-- sort-keys-length@1.0.1
74 silly currentTree +-- sort-keys@1.1.2
74 silly currentTree +-- sorted-array-functions@1.1.0
74 silly currentTree +-- split@0.3.3
74 silly currentTree +-- sshpk@1.13.1
74 silly currentTree +-- statuses@1.4.0
74 silly currentTree +-- stream-combiner@0.0.4
74 silly currentTree +-- stream-each@1.2.2
74 silly currentTree +-- stream-json@0.5.2
74 silly currentTree +-- stream-shift@1.0.0
74 silly currentTree +-- strict-uri-encode@1.1.0
74 silly currentTree +-- string_decoder@1.0.3
74 silly currentTree +-- string-width@1.0.2
74 silly currentTree +-- stringstream@0.0.5
74 silly currentTree +-- strip-ansi@3.0.1
74 silly currentTree +-- strip-dirs@2.1.0
74 silly currentTree +-- strip-json-comments@2.0.1
74 silly currentTree +-- strip-outer@1.0.0
74 silly currentTree +-- tar-pack@3.4.1
74 silly currentTree +-- tar-stream@1.5.5
74 silly currentTree +-- tar@2.2.1
74 silly currentTree +-- through@2.3.8
74 silly currentTree +-- through2@2.0.3
74 silly currentTree +-- timed-out@4.0.1
74 silly currentTree +-- tough-cookie@2.3.3
74 silly currentTree +-- trim-repeated@1.0.0
74 silly currentTree +-- tryer@1.0.0
74 silly currentTree +-- tunnel-agent@0.6.0
74 silly currentTree +-- tweetnacl@0.14.5
74 silly currentTree +-- type-is@1.6.15
74 silly currentTree +-- typedarray@0.0.6
74 silly currentTree +-- uid-number@0.0.6
74 silly currentTree +-- unbzip2-stream@1.2.5
74 silly currentTree +-- unpipe@1.0.0
74 silly currentTree +-- url-parse-lax@3.0.0
74 silly currentTree +-- url-to-options@1.0.1
74 silly currentTree +-- util-deprecate@1.0.2
74 silly currentTree +-- utils-merge@1.0.1
74 silly currentTree +-- uuid@3.2.1
74 silly currentTree +-- vary@1.1.2
74 silly currentTree +-- verror@1.10.0
74 silly currentTree +-- wide-align@1.1.2
74 silly currentTree +-- wrappy@1.0.2
74 silly currentTree +-- xtend@4.0.1
74 silly currentTree `-- yauzl@2.9.1
75 silly idealTree ticket-price-interpreter@1.0.0
75 silly idealTree +-- @sindresorhus/is@0.7.0
75 silly idealTree +-- abbrev@1.1.1
75 silly idealTree +-- accepts@1.3.4
75 silly idealTree +-- ajv@5.5.2
75 silly idealTree +-- ansi-regex@2.1.1
75 silly idealTree +-- aproba@1.2.0
75 silly idealTree +-- are-we-there-yet@1.1.4
75 silly idealTree +-- array-flatten@1.1.1
75 silly idealTree +-- asn1@0.2.3
75 silly idealTree +-- assert-plus@1.0.0
75 silly idealTree +-- async@2.1.4
75 silly idealTree +-- asynckit@0.4.0
75 silly idealTree +-- aws-sign2@0.7.0
75 silly idealTree +-- aws4@1.6.0
75 silly idealTree +-- balanced-match@1.0.0
75 silly idealTree +-- base64-js@0.0.8
75 silly idealTree +-- base64-url@1.3.3
75 silly idealTree +-- base64url@2.0.0
75 silly idealTree +-- bcrypt-pbkdf@1.0.1
75 silly idealTree +-- bcrypt@1.0.3
75 silly idealTree +-- bcryptjs@2.4.3
75 silly idealTree +-- bfj@5.2.1
75 silly idealTree | `-- bluebird@3.5.1
75 silly idealTree +-- big-json@2.0.0
75 silly idealTree +-- bl@1.2.1
75 silly idealTree +-- block-stream@0.0.9
75 silly idealTree +-- bluebird@3.5.0
75 silly idealTree +-- body-parser@1.18.2
75 silly idealTree +-- boom@4.3.1
75 silly idealTree +-- brace-expansion@1.1.8
75 silly idealTree +-- bson@1.0.4
75 silly idealTree +-- buffer-crc32@0.2.13
75 silly idealTree +-- buffer-equal-constant-time@1.0.1
75 silly idealTree +-- buffer@3.6.0
75 silly idealTree +-- bytes@3.0.0
75 silly idealTree +-- cacheable-request@2.1.4
75 silly idealTree +-- caseless@0.12.0
75 silly idealTree +-- caw@2.0.1
75 silly idealTree +-- check-types@7.3.0
75 silly idealTree +-- clone-response@1.0.2
75 silly idealTree +-- co@4.6.0
75 silly idealTree +-- code-point-at@1.1.0
75 silly idealTree +-- combined-stream@1.0.5
75 silly idealTree +-- commander@2.8.1
75 silly idealTree +-- concat-map@0.0.1
75 silly idealTree +-- concat-stream@1.6.0
75 silly idealTree +-- config-chain@1.1.11
75 silly idealTree +-- console-control-strings@1.1.0
75 silly idealTree +-- content-disposition@0.5.2
75 silly idealTree +-- content-type@1.0.4
75 silly idealTree +-- cookie-signature@1.0.6
75 silly idealTree +-- cookie@0.3.1
75 silly idealTree +-- core-util-is@1.0.2
75 silly idealTree +-- cron-parser@2.4.4
75 silly idealTree +-- cryptiles@3.1.2
75 silly idealTree | `-- boom@5.2.0
75 silly idealTree +-- cyclist@0.2.2
75 silly idealTree +-- dashdash@1.14.1
75 silly idealTree +-- debug@2.6.9
75 silly idealTree +-- decode-uri-component@0.2.0
75 silly idealTree +-- decompress-gz@0.0.1
75 silly idealTree +-- decompress-response@3.3.0
75 silly idealTree +-- decompress-tar@4.1.1
75 silly idealTree +-- decompress-tarbz2@4.1.1
75 silly idealTree | `-- file-type@6.2.0
75 silly idealTree +-- decompress-targz@4.1.1
75 silly idealTree +-- decompress-unzip@4.0.1
75 silly idealTree | +-- file-type@3.9.0
75 silly idealTree | +-- get-stream@2.3.1
75 silly idealTree | `-- pify@2.3.0
75 silly idealTree +-- decompress@4.2.0
75 silly idealTree | `-- pify@2.3.0
75 silly idealTree +-- deep-extend@0.4.2
75 silly idealTree +-- define-properties@1.1.2
75 silly idealTree +-- delayed-stream@1.0.0
75 silly idealTree +-- delegates@1.0.0
75 silly idealTree +-- depd@1.1.2
75 silly idealTree +-- destroy@1.0.4
75 silly idealTree +-- download@6.2.5
75 silly idealTree | +-- got@7.1.0
75 silly idealTree | +-- prepend-http@1.0.4
75 silly idealTree | `-- url-parse-lax@1.0.0
75 silly idealTree +-- duplexer@0.1.1
75 silly idealTree +-- duplexer3@0.1.4
75 silly idealTree +-- duplexify@3.5.3
75 silly idealTree +-- ecc-jsbn@0.1.1
75 silly idealTree +-- ecdsa-sig-formatter@1.0.9
75 silly idealTree +-- ee-first@1.1.1
75 silly idealTree +-- encodeurl@1.0.2
75 silly idealTree +-- end-of-stream@1.4.1
75 silly idealTree +-- escape-html@1.0.3
75 silly idealTree +-- escape-string-regexp@1.0.5
75 silly idealTree +-- etag@1.8.1
75 silly idealTree +-- event-stream@3.3.4
75 silly idealTree +-- express@4.16.2
75 silly idealTree | +-- setprototypeof@1.1.0
75 silly idealTree | `-- statuses@1.3.1
75 silly idealTree +-- ext-list@2.2.2
75 silly idealTree +-- ext-name@5.0.0
75 silly idealTree +-- extend@3.0.1
75 silly idealTree +-- extsprintf@1.3.0
75 silly idealTree +-- fast-deep-equal@1.0.0
75 silly idealTree +-- fast-json-stable-stringify@2.0.0
75 silly idealTree +-- fd-slicer@1.0.1
75 silly idealTree +-- file-type@5.2.0
75 silly idealTree +-- filename-reserved-regex@2.0.0
75 silly idealTree +-- filenamify@2.0.0
75 silly idealTree +-- finalhandler@1.1.0
75 silly idealTree | `-- statuses@1.3.1
75 silly idealTree +-- flush-write-stream@1.0.2
75 silly idealTree +-- foreach@2.0.5
75 silly idealTree +-- forever-agent@0.6.1
75 silly idealTree +-- form-data@2.3.1
75 silly idealTree +-- forwarded@0.1.2
75 silly idealTree +-- fresh@0.5.2
75 silly idealTree +-- from@0.1.7
75 silly idealTree +-- from2@2.3.0
75 silly idealTree +-- fs.realpath@1.0.0
75 silly idealTree +-- fstream-ignore@1.0.5
75 silly idealTree +-- fstream@1.0.11
75 silly idealTree +-- gauge@2.7.4
75 silly idealTree +-- get-proxy@2.1.0
75 silly idealTree +-- get-stream@3.0.0
75 silly idealTree +-- getpass@0.1.7
75 silly idealTree +-- glob@7.1.2
75 silly idealTree +-- got@8.1.0
75 silly idealTree | `-- p-timeout@2.0.1
75 silly idealTree +-- graceful-fs@4.1.11
75 silly idealTree +-- graceful-readlink@1.0.1
75 silly idealTree +-- gzipy@0.0.2
75 silly idealTree +-- har-schema@2.0.0
75 silly idealTree +-- har-validator@5.0.3
75 silly idealTree +-- has-symbol-support-x@1.4.1
75 silly idealTree +-- has-to-string-tag-x@1.4.1
75 silly idealTree +-- has-unicode@2.0.1
75 silly idealTree +-- hawk@6.0.2
75 silly idealTree +-- hoek@4.2.0
75 silly idealTree +-- hoopy@0.1.2
75 silly idealTree +-- http-cache-semantics@3.8.1
75 silly idealTree +-- http-errors@1.6.2
75 silly idealTree | `-- depd@1.1.1
75 silly idealTree +-- http-https@1.0.0
75 silly idealTree +-- http-signature@1.2.0
75 silly idealTree +-- iconv-lite@0.4.19
75 silly idealTree +-- ieee754@1.1.8
75 silly idealTree +-- inflight@1.0.6
75 silly idealTree +-- inherits@2.0.3
75 silly idealTree +-- ini@1.3.5
75 silly idealTree +-- into-stream@3.1.0
75 silly idealTree +-- ipaddr.js@1.5.2
75 silly idealTree +-- is-fullwidth-code-point@1.0.0
75 silly idealTree +-- is-nan@1.2.1
75 silly idealTree +-- is-natural-number@4.0.1
75 silly idealTree +-- is-object@1.0.1
75 silly idealTree +-- is-plain-obj@1.1.0
75 silly idealTree +-- is-retry-allowed@1.1.0
75 silly idealTree +-- is-stream@1.1.0
75 silly idealTree +-- is-typedarray@1.0.0
75 silly idealTree +-- is.object@1.0.0
75 silly idealTree +-- isarray@1.0.0
75 silly idealTree +-- isstream@0.1.2
75 silly idealTree +-- isurl@1.0.0
75 silly idealTree +-- jsbn@0.1.1
75 silly idealTree +-- json-buffer@3.0.0
75 silly idealTree +-- json-parse-safe@1.0.5
75 silly idealTree +-- json-schema-traverse@0.3.1
75 silly idealTree +-- json-schema@0.2.3
75 silly idealTree +-- json-stream-stringify@1.5.1
75 silly idealTree +-- json-stringify-safe@5.0.1
75 silly idealTree +-- json-web-token@2.1.3
75 silly idealTree +-- jsonparse@1.3.1
75 silly idealTree +-- JSONStream@1.3.2
75 silly idealTree +-- jsonwebtoken@8.1.1
75 silly idealTree | `-- ms@2.1.1
75 silly idealTree +-- jsprim@1.4.1
75 silly idealTree +-- jwa@1.1.5
75 silly idealTree +-- jws@3.1.4
75 silly idealTree +-- kareem@2.0.3
75 silly idealTree +-- keyv@3.0.0
75 silly idealTree +-- lodash.get@4.4.2
75 silly idealTree +-- lodash.includes@4.3.0
75 silly idealTree +-- lodash.isboolean@3.0.3
75 silly idealTree +-- lodash.isinteger@4.0.4
75 silly idealTree +-- lodash.isnumber@3.0.3
75 silly idealTree +-- lodash.isplainobject@4.0.6
75 silly idealTree +-- lodash.isstring@4.0.1
75 silly idealTree +-- lodash.once@4.1.1
75 silly idealTree +-- lodash@4.17.4
75 silly idealTree +-- long-timeout@0.1.1
75 silly idealTree +-- lowercase-keys@1.0.0
75 silly idealTree +-- make-dir@1.1.0
75 silly idealTree +-- map-stream@0.1.0
75 silly idealTree +-- media-typer@0.3.0
75 silly idealTree +-- merge-descriptors@1.0.1
75 silly idealTree +-- methods@1.1.2
75 silly idealTree +-- mime-db@1.30.0
75 silly idealTree +-- mime-types@2.1.17
75 silly idealTree +-- mime@1.4.1
75 silly idealTree +-- mimic-response@1.0.0
75 silly idealTree +-- minimatch@3.0.4
75 silly idealTree +-- minimist@0.0.8
75 silly idealTree +-- mississippi@1.3.1
75 silly idealTree +-- mkdirp@0.5.1
75 silly idealTree +-- moment-timezone@0.5.14
75 silly idealTree +-- moment@2.20.1
75 silly idealTree +-- mongodb-core@3.0.2
75 silly idealTree +-- mongodb@3.0.2
75 silly idealTree +-- mongoose-legacy-pluralize@1.0.2
75 silly idealTree +-- mongoose@5.0.3
75 silly idealTree +-- mpath@0.3.0
75 silly idealTree +-- mquery@3.0.0
75 silly idealTree | `-- sliced@0.0.5
75 silly idealTree +-- ms@2.0.0
75 silly idealTree +-- nan@2.6.2
75 silly idealTree +-- negotiator@0.6.1
75 silly idealTree +-- node-pre-gyp@0.6.36
75 silly idealTree +-- node-schedule@1.3.0
75 silly idealTree +-- nopt@4.0.1
75 silly idealTree +-- normalize-url@2.0.1
75 silly idealTree | `-- sort-keys@2.0.0
75 silly idealTree +-- npm-conf@1.1.3
75 silly idealTree +-- npmlog@4.1.2
75 silly idealTree +-- number-is-nan@1.0.1
75 silly idealTree +-- oauth-sign@0.8.2
75 silly idealTree +-- object-assign@4.1.1
75 silly idealTree +-- object-keys@1.0.11
75 silly idealTree +-- oboe@2.1.4
75 silly idealTree +-- on-finished@2.3.0
75 silly idealTree +-- once@1.4.0
75 silly idealTree +-- os-homedir@1.0.2
75 silly idealTree +-- os-tmpdir@1.0.2
75 silly idealTree +-- osenv@0.1.4
75 silly idealTree +-- p-cancelable@0.3.0
75 silly idealTree +-- p-event@1.3.0
75 silly idealTree +-- p-finally@1.0.0
75 silly idealTree +-- p-is-promise@1.1.0
75 silly idealTree +-- p-timeout@1.2.1
75 silly idealTree +-- parallel-transform@1.1.0
75 silly idealTree +-- parser-toolkit@0.0.5
75 silly idealTree +-- parseurl@1.3.2
75 silly idealTree +-- path-is-absolute@1.0.1
75 silly idealTree +-- path-to-regexp@0.1.7
75 silly idealTree +-- pause-stream@0.0.11
75 silly idealTree +-- pend@1.2.0
75 silly idealTree +-- performance-now@2.1.0
75 silly idealTree +-- pify@3.0.0
75 silly idealTree +-- pinkie-promise@2.0.1
75 silly idealTree +-- pinkie@2.0.4
75 silly idealTree +-- prepend-http@2.0.0
75 silly idealTree +-- process-nextick-args@1.0.7
75 silly idealTree +-- proto-list@1.2.4
75 silly idealTree +-- proxy-addr@2.0.2
75 silly idealTree +-- pump@1.0.3
75 silly idealTree +-- pumpify@1.4.0
75 silly idealTree | `-- pump@2.0.1
75 silly idealTree +-- punycode@1.4.1
75 silly idealTree +-- qs@6.5.1
75 silly idealTree +-- query-string@5.1.0
75 silly idealTree +-- range-parser@1.2.0
75 silly idealTree +-- raw-body@2.3.2
75 silly idealTree +-- rc@1.2.5
75 silly idealTree | `-- minimist@1.2.0
75 silly idealTree +-- readable-stream@2.3.3
75 silly idealTree +-- regexp-clone@0.0.1
75 silly idealTree +-- request@2.83.0
75 silly idealTree +-- require_optional@1.0.1
75 silly idealTree +-- resolve-from@2.0.0
75 silly idealTree +-- responselike@1.0.2
75 silly idealTree +-- rimraf@2.6.2
75 silly idealTree +-- safe-buffer@5.1.1
75 silly idealTree +-- seek-bzip@1.0.5
75 silly idealTree +-- semver@5.5.0
75 silly idealTree +-- send@0.16.1
75 silly idealTree | `-- statuses@1.3.1
75 silly idealTree +-- serve-static@1.13.1
75 silly idealTree +-- set-blocking@2.0.0
75 silly idealTree +-- setprototypeof@1.0.3
75 silly idealTree +-- signal-exit@3.0.2
75 silly idealTree +-- sliced@1.0.1
75 silly idealTree +-- sntp@2.1.0
75 silly idealTree +-- sort-keys-length@1.0.1
75 silly idealTree +-- sort-keys@1.1.2
75 silly idealTree +-- sorted-array-functions@1.1.0
75 silly idealTree +-- split@0.3.3
75 silly idealTree +-- sshpk@1.13.1
75 silly idealTree +-- statuses@1.4.0
75 silly idealTree +-- stream-combiner@0.0.4
75 silly idealTree +-- stream-each@1.2.2
75 silly idealTree +-- stream-json@0.5.2
75 silly idealTree +-- stream-shift@1.0.0
75 silly idealTree +-- strict-uri-encode@1.1.0
75 silly idealTree +-- string_decoder@1.0.3
75 silly idealTree +-- string-width@1.0.2
75 silly idealTree +-- stringstream@0.0.5
75 silly idealTree +-- strip-ansi@3.0.1
75 silly idealTree +-- strip-dirs@2.1.0
75 silly idealTree +-- strip-json-comments@2.0.1
75 silly idealTree +-- strip-outer@1.0.0
75 silly idealTree +-- tar-pack@3.4.1
75 silly idealTree +-- tar-stream@1.5.5
75 silly idealTree +-- tar@2.2.1
75 silly idealTree +-- through@2.3.8
75 silly idealTree +-- through2@2.0.3
75 silly idealTree +-- timed-out@4.0.1
75 silly idealTree +-- tough-cookie@2.3.3
75 silly idealTree +-- trim-repeated@1.0.0
75 silly idealTree +-- tryer@1.0.0
75 silly idealTree +-- tunnel-agent@0.6.0
75 silly idealTree +-- tweetnacl@0.14.5
75 silly idealTree +-- type-is@1.6.15
75 silly idealTree +-- typedarray@0.0.6
75 silly idealTree +-- uid-number@0.0.6
75 silly idealTree +-- unbzip2-stream@1.2.5
75 silly idealTree +-- unpipe@1.0.0
75 silly idealTree +-- url-parse-lax@3.0.0
75 silly idealTree +-- url-to-options@1.0.1
75 silly idealTree +-- util-deprecate@1.0.2
75 silly idealTree +-- utils-merge@1.0.1
75 silly idealTree +-- uuid@3.2.1
75 silly idealTree +-- vary@1.1.2
75 silly idealTree +-- verror@1.10.0
75 silly idealTree +-- wide-align@1.1.2
75 silly idealTree +-- wrappy@1.0.2
75 silly idealTree +-- xtend@4.0.1
75 silly idealTree +-- yauzl@2.9.1
75 silly idealTree `-- zlib@1.0.5
76 silly generateActionsToTake Starting
77 silly install generateActionsToTake
78 silly generateActionsToTake Finishing
79 silly diffTrees action count 1
80 silly diffTrees add zlib@1.0.5
81 silly decomposeActions action count 8
82 silly decomposeActions fetch zlib@1.0.5
83 silly decomposeActions extract zlib@1.0.5
84 silly decomposeActions test zlib@1.0.5
85 silly decomposeActions preinstall zlib@1.0.5
86 silly decomposeActions build zlib@1.0.5
87 silly decomposeActions install zlib@1.0.5
88 silly decomposeActions postinstall zlib@1.0.5
89 silly decomposeActions finalize zlib@1.0.5
90 silly runTopLevelLifecycles Starting
91 silly executeActions Starting
92 silly install executeActions
93 silly doSerial global-install 0
94 silly doParallel fetch 1
95 verbose correctMkdir C:\Users\Matt\AppData\Roaming\npm-cache\_locks correctMkdir not in flight; initializing
96 verbose lock using C:\Users\Matt\AppData\Roaming\npm-cache\_locks\staging-c521f0ca471355e1.lock for C:\Users\Matt\Desktop\TicketPriceInterpreter\node_modules\.staging
97 silly doParallel extract 1
98 silly extract zlib@1.0.5
99 verbose unbuild node_modules\.staging\zlib-347fefaf
100 silly gentlyRm C:\Users\Matt\Desktop\TicketPriceInterpreter\node_modules\.staging\zlib-347fefaf is being purged from base C:\Users\Matt\Desktop\TicketPriceInterpreter
101 verbose gentlyRm don't care about contents; nuking C:\Users\Matt\Desktop\TicketPriceInterpreter\node_modules\.staging\zlib-347fefaf
102 verbose tar unpack C:\Users\Matt\AppData\Roaming\npm-cache\zlib\1.0.5\package.tgz
103 verbose tar unpacking to C:\Users\Matt\Desktop\TicketPriceInterpreter\node_modules\.staging\zlib-347fefaf
104 silly gentlyRm C:\Users\Matt\Desktop\TicketPriceInterpreter\node_modules\.staging\zlib-347fefaf is being purged
105 verbose gentlyRm don't care about contents; nuking C:\Users\Matt\Desktop\TicketPriceInterpreter\node_modules\.staging\zlib-347fefaf
106 silly gunzTarPerm modes [ '777', '666' ]
107 silly gunzTarPerm extractEntry .gitignore
108 silly gunzTarPerm modified mode [ '.gitignore', 420, 438 ]
109 silly gunzTarPerm extractEntry configure
110 silly gunzTarPerm modified mode [ 'configure', 493, 511 ]
111 silly gunzTarPerm extractEntry index.js
112 silly gunzTarPerm modified mode [ 'index.js', 420, 438 ]
113 silly gunzTarPerm extractEntry LICENSE
114 silly gunzTarPerm modified mode [ 'LICENSE', 420, 438 ]
115 silly gunzTarPerm extractEntry Makefile
116 silly gunzTarPerm modified mode [ 'Makefile', 420, 438 ]
117 silly gunzTarPerm extractEntry package.json
118 silly gunzTarPerm modified mode [ 'package.json', 420, 438 ]
119 silly gunzTarPerm extractEntry README.md
120 silly gunzTarPerm modified mode [ 'README.md', 420, 438 ]
121 silly gunzTarPerm extractEntry wscript
122 silly gunzTarPerm modified mode [ 'wscript', 420, 438 ]
123 silly gunzTarPerm extractEntry lib/zlib.js
124 silly gunzTarPerm modified mode [ 'lib/zlib.js', 420, 438 ]
125 silly gunzTarPerm extractEntry src/node-zlib.cc
126 silly gunzTarPerm modified mode [ 'src/node-zlib.cc', 420, 438 ]
127 silly gunzTarPerm extractEntry test/deflate.test.js
128 silly gunzTarPerm modified mode [ 'test/deflate.test.js', 420, 438 ]
129 silly gunzTarPerm extractEntry test/inflate.test.js
130 silly gunzTarPerm modified mode [ 'test/inflate.test.js', 420, 438 ]
131 silly gentlyRm C:\Users\Matt\Desktop\TicketPriceInterpreter\node_modules\.staging\zlib-347fefaf\node_modules is being purged
132 verbose gentlyRm don't care about contents; nuking C:\Users\Matt\Desktop\TicketPriceInterpreter\node_modules\.staging\zlib-347fefaf\node_modules
133 silly doParallel preinstall 1
134 silly preinstall zlib@1.0.5 C:\Users\Matt\Desktop\TicketPriceInterpreter\node_modules\.staging\zlib-347fefaf
135 info lifecycle zlib@1.0.5~preinstall: zlib@1.0.5
136 verbose lifecycle zlib@1.0.5~preinstall: unsafe-perm in lifecycle true
137 verbose lifecycle zlib@1.0.5~preinstall: PATH: C:\Program Files\nodejs\node_modules\npm\bin\node-gyp-bin;C:\Users\Matt\Desktop\TicketPriceInterpreter\node_modules\.staging\zlib-347fefaf\node_modules\.bin;C:\Users\Matt\Desktop\TicketPriceInterpreter\node_modules\.bin;C:\Program Files (x86)\NVIDIA Corporation\PhysX\Common;C:\ProgramData\Oracle\Java\javapath;C:\Windows\system32;C:\Windows;C:\Windows\System32\Wbem;C:\Windows\System32\WindowsPowerShell\v1.0\;C:\Program Files\nodejs\;C:\Program Files\Git\cmd;C:\WINDOWS\system32;C:\WINDOWS;C:\WINDOWS\System32\Wbem;C:\WINDOWS\System32\WindowsPowerShell\v1.0\;C:\Program Files (x86)\ffmpeg\bin;E:\Development\wamp\bin\php\php5.6.25;C:\ProgramData\ComposerSetup\bin;E:\Programs\GnuPG\pub;C:\Users\Matt\Desktop\Geth;C:\Program Files\Microsoft\Web Platform Installer\;C:\Users\Matt\AppData\Local\Programs\Python\Python36-32\Scripts\;C:\Users\Matt\AppData\Local\Programs\Python\Python36-32\;C:\Users\Matt\AppData\Local\Microsoft\WindowsApps;C:\Users\Matt\AppData\Roaming\Dashlane\4.6.8.25848\bin\Firefox_Extension\{442718d9-475e-452a-b3e1-fb1ee16b8e9f}\components;C:\Users\Matt\AppData\Roaming\npm;C:\Users\Matt\AppData\Local\atom\bin;C:\Users\Matt\AppData\Roaming\Composer\vendor\bin;C:\Users\Matt\AppData\Local\GitHubDesktop\bin;C:\Users\Matt\AppData\Local\Programs\Fiddler;C:\Program Files\Microsoft VS Code\bin;%USERPROFILE%\AppData\Local\Microsoft\WindowsApps;
138 verbose lifecycle zlib@1.0.5~preinstall: CWD: C:\Users\Matt\Desktop\TicketPriceInterpreter\node_modules\.staging\zlib-347fefaf
139 silly lifecycle zlib@1.0.5~preinstall: Args: [ '/d /s /c',
139 silly lifecycle   'node-waf clean || true; node-waf configure build' ]
140 silly lifecycle zlib@1.0.5~preinstall: Returned: code: 1  signal: null
141 info lifecycle zlib@1.0.5~preinstall: Failed to exec preinstall script
142 verbose unlock done using C:\Users\Matt\AppData\Roaming\npm-cache\_locks\staging-c521f0ca471355e1.lock for C:\Users\Matt\Desktop\TicketPriceInterpreter\node_modules\.staging
143 silly rollbackFailedOptional Starting
144 silly rollbackFailedOptional Finishing
145 silly runTopLevelLifecycles Finishing
146 silly install printInstalled
147 verbose stack Error: zlib@1.0.5 preinstall: `node-waf clean || true; node-waf configure build`
147 verbose stack Exit status 1
147 verbose stack     at EventEmitter.<anonymous> (C:\Program Files\nodejs\node_modules\npm\lib\utils\lifecycle.js:255:16)
147 verbose stack     at emitTwo (events.js:106:13)
147 verbose stack     at EventEmitter.emit (events.js:191:7)
147 verbose stack     at ChildProcess.<anonymous> (C:\Program Files\nodejs\node_modules\npm\lib\utils\spawn.js:40:14)
147 verbose stack     at emitTwo (events.js:106:13)
147 verbose stack     at ChildProcess.emit (events.js:191:7)
147 verbose stack     at maybeClose (internal/child_process.js:877:16)
147 verbose stack     at Process.ChildProcess._handle.onexit (internal/child_process.js:226:5)
148 verbose pkgid zlib@1.0.5
149 verbose cwd C:\Users\Matt\Desktop\TicketPriceInterpreter
150 error Windows_NT 10.0.16299
151 error argv "C:\\Program Files\\nodejs\\node.exe" "C:\\Program Files\\nodejs\\node_modules\\npm\\bin\\npm-cli.js" "install" "zlib"
152 error node v6.10.0
153 error npm  v3.10.10
154 error code ELIFECYCLE
155 error zlib@1.0.5 preinstall: `node-waf clean || true; node-waf configure build`
155 error Exit status 1
156 error Failed at the zlib@1.0.5 preinstall script 'node-waf clean || true; node-waf configure build'.
156 error Make sure you have the latest version of node.js and npm installed.
156 error If you do, this is most likely a problem with the zlib package,
156 error not with npm itself.
156 error Tell the author that this fails on your system:
156 error     node-waf clean || true; node-waf configure build
156 error You can get information on how to open an issue for this project with:
156 error     npm bugs zlib
156 error Or if that isn't available, you can get their info via:
156 error     npm owner ls zlib
156 error There is likely additional logging output above.
157 verbose exit [ 1, true ]
